生成启动时间为 10/30/2016 5:47:59 PM。
     1>项目“D:\c++\C++vs2010\bluemeiLib\bluemeiLib.vcxproj”在节点 2 上(rebuild 个目标)。
     1>_PrepareForClean:
         正在删除文件“Debug\bluemeiLib.lastbuildstate”。
       InitializeBuildStatus:
         正在创建“Debug\bluemeiLib.unsuccessfulbuild”，因为已指定“AlwaysCreate”。
       ClCompile:
         G:\VS2010\VC\bin\CL.exe /c /ID:\c++\C++vs2010\bluemeiLib\ /ID:\c++\C++vs2010\bluemeiLib\\src\bLib /ID:\c++\C++vs2010\bluemeiLib\\src /ZI /nologo /W3 /WX- /Od /Oy- /D WIN32 /D _DEBUG /D _WINDOWS /D _USRDLL /D BLUEMEILIB_EXPORTS /D SEND_LOG /D _WINDLL /D _UNICODE /D UNICODE /GF /Gm /EHsc /RTC1 /MDd /GS /fp:precise /Zc:wchar_t /Zc:forScope /Fo"Debug\\" /Fd"Debug\vc100.pdb" /Gd /TP /analyze- /errorReport:prompt dllmain.cpp src\bLib\DataBuffer.cpp src\bLib\KVPairTree.cpp src\bLib\Vector.cpp src\conf\ConfigOption.cpp src\conf\SimpleCfgFile.cpp src\io\File.cpp src\io\FilePath.cpp src\io\FileUtil.cpp src\io\IOException.cpp src\lang\Class.cpp src\lang\ClassField.cpp src\lang\Exception.cpp src\lang\Object.cpp src\lang\ObjectFactory.cpp src\lang\RuntimeException.cpp src\net\ClientSocket.cpp src\net\FtpConnection.cpp src\net\FtpException.cpp src\net\iocp\IOCompletionPort.cpp src\net\iocp\IOCompletionPortImplWin32.cpp src\net\iocp\IOCPModel.cpp src\net\ServerSocket.cpp src\net\SocketException.cpp src\net\SocketTools.cpp src\session\Application.cpp src\session\BeanContainer.cpp src\session\Context.cpp src\session\Session.cpp src\template\FileTemplate.cpp src\template\StringTemplate.cpp src\template\TemplateLoader.cpp src\template\TemplateParser.cpp src\thread\CriticalLock.cpp src\thread\LambdaThread.cpp src\thread\Looper.cpp src\thread\MessageThread.cpp src\thread\MutexLock.cpp src\thread\ResourceLock.cpp src\thread\Thread.cpp src\thread\ThreadException.cpp src\thread\ThreadPool.cpp src\thread\Timer.cpp src\thread\WorkThread.cpp src\type\BString.cpp src\type\ByteBuffer.cpp src\type\DataBuffer.cpp src\type\Date.cpp src\type\KVPairTree.cpp src\type\StringBuilder.cpp src\type\Vector.cpp src\utils\CallStackUtil.cpp src\utils\CodeUtil.cpp src\utils\Converter.cpp src\utils\ErrorHandler.cpp src\utils\Log.cpp src\utils\MemoryPool.cpp src\utils\Ptr.cpp src\utils\SmartPtrManager.cpp src\utils\StackWalker.cpp src\utils\System.cpp src\utils\TypeManager.cpp src\utils\Util.cpp
         Util.cpp
         TypeManager.cpp
         System.cpp
         StackWalker.cpp
         SmartPtrManager.cpp
         Ptr.cpp
         MemoryPool.cpp
         Log.cpp
         ErrorHandler.cpp
         Converter.cpp
         CodeUtil.cpp
         CallStackUtil.cpp
         Vector.cpp
         StringBuilder.cpp
         KVPairTree.cpp
         Date.cpp
         DataBuffer.cpp
         ByteBuffer.cpp
         BString.cpp
     1>d:\c++\c++vs2010\bluemeilib\src\type\bstring.cpp(529): warning C4996: 'vsnprintf': This function or variable may be unsafe. Consider using vsnprintf_s instead. To disable deprecation, use _CRT_SECURE_NO_WARNINGS. See online help for details.
                 g:\vs2010\vc\include\stdio.h(354) : 参见“vsnprintf”的声明
         WorkThread.cpp
         正在生成代码...
         正在编译...
         Timer.cpp
         ThreadPool.cpp
         ThreadException.cpp
         Thread.cpp
         ResourceLock.cpp
         MutexLock.cpp
         MessageThread.cpp
         Looper.cpp
         LambdaThread.cpp
         CriticalLock.cpp
         TemplateParser.cpp
         TemplateLoader.cpp
         StringTemplate.cpp
         FileTemplate.cpp
         Session.cpp
         Context.cpp
         BeanContainer.cpp
         Application.cpp
         SocketTools.cpp
         SocketException.cpp
         正在生成代码...
         正在编译...
         ServerSocket.cpp
         IOCPModel.cpp
         IOCompletionPortImplWin32.cpp
         IOCompletionPort.cpp
         FtpException.cpp
         FtpConnection.cpp
         ClientSocket.cpp
     1>d:\c++\c++vs2010\bluemeilib\src\net\clientsocket.cpp(336): warning C4996: 'fopen': This function or variable may be unsafe. Consider using fopen_s instead. To disable deprecation, use _CRT_SECURE_NO_WARNINGS. See online help for details.
                 g:\vs2010\vc\include\stdio.h(234) : 参见“fopen”的声明
         RuntimeException.cpp
         ObjectFactory.cpp
         Object.cpp
         Exception.cpp
         ClassField.cpp
         Class.cpp
         IOException.cpp
         FileUtil.cpp
         FilePath.cpp
         File.cpp
     1>d:\c++\c++vs2010\bluemeilib\src\io\file.cpp(55): warning C4996: 'fopen': This function or variable may be unsafe. Consider using fopen_s instead. To disable deprecation, use _CRT_SECURE_NO_WARNINGS. See online help for details.
                 g:\vs2010\vc\include\stdio.h(234) : 参见“fopen”的声明
         SimpleCfgFile.cpp
         ConfigOption.cpp
         Vector.cpp
         正在生成代码...
         正在编译...
         KVPairTree.cpp
         DataBuffer.cpp
         dllmain.cpp
         正在生成代码...
       ManifestResourceCompile:
         C:\Program Files\Microsoft SDKs\Windows\v7.0A\bin\rc.exe /nologo /fo"Debug\bluemeiLib.dll.embed.manifest.res" Debug\bluemeiLib_manifest.rc 
       Link:
         G:\VS2010\VC\bin\link.exe /ERRORREPORT:PROMPT /OUT:"D:\c++\c++vs2010\sln\Debug\bluemeiLib.dll" /INCREMENTAL /NOLOGO kernel32.lib user32.lib gdi32.lib winspool.lib comdlg32.lib advapi32.lib shell32.lib ole32.lib oleaut32.lib uuid.lib odbc32.lib odbccp32.lib /MANIFEST /ManifestFile:"Debug\bluemeiLib.dll.intermediate.manifest" /MANIFESTUAC:"level='asInvoker' uiAccess='false'" /DEBUG /PDB:"D:\c++\c++vs2010\sln\Debug\bluemeiLib.pdb" /SUBSYSTEM:WINDOWS /TLBID:1 /DYNAMICBASE /NXCOMPAT /IMPLIB:"D:\c++\c++vs2010\sln\Debug\bluemeiLib.lib" /MACHINE:X86 /DLL Debug\bluemeiLib.dll.embed.manifest.res
         Debug\dllmain.obj
         Debug\DataBuffer.obj
         Debug\KVPairTree.obj
         Debug\Vector.obj
         Debug\ConfigOption.obj
         Debug\SimpleCfgFile.obj
         Debug\File.obj
         Debug\FilePath.obj
         Debug\FileUtil.obj
         Debug\IOException.obj
         Debug\Class.obj
         Debug\ClassField.obj
         Debug\Exception.obj
         Debug\Object.obj
         Debug\ObjectFactory.obj
         Debug\RuntimeException.obj
         Debug\ClientSocket.obj
         Debug\FtpConnection.obj
         Debug\FtpException.obj
         Debug\IOCompletionPort.obj
         Debug\IOCompletionPortImplWin32.obj
         Debug\IOCPModel.obj
         Debug\ServerSocket.obj
         Debug\SocketException.obj
         Debug\SocketTools.obj
         Debug\Application.obj
         Debug\BeanContainer.obj
         Debug\Context.obj
         Debug\Session.obj
         Debug\FileTemplate.obj
         Debug\StringTemplate.obj
         Debug\TemplateLoader.obj
         Debug\TemplateParser.obj
         Debug\CriticalLock.obj
         Debug\LambdaThread.obj
         Debug\Looper.obj
         Debug\MessageThread.obj
         Debug\MutexLock.obj
         Debug\ResourceLock.obj
         Debug\Thread.obj
         Debug\ThreadException.obj
         Debug\ThreadPool.obj
         Debug\Timer.obj
         Debug\WorkThread.obj
         Debug\BString.obj
         Debug\ByteBuffer.obj
         Debug\DataBuffer.obj
         Debug\Date.obj
         Debug\KVPairTree.obj
         Debug\StringBuilder.obj
         Debug\Vector.obj
         Debug\CallStackUtil.obj
         Debug\CodeUtil.obj
         Debug\Converter.obj
         Debug\ErrorHandler.obj
         Debug\Log.obj
         Debug\MemoryPool.obj
         Debug\Ptr.obj
         Debug\SmartPtrManager.obj
         Debug\StackWalker.obj
         Debug\System.obj
         Debug\TypeManager.obj
         Debug\Util.obj
     1>Debug\DataBuffer.obj : warning LNK4042: 对象被多次指定；已忽略多余的指定
     1>Debug\KVPairTree.obj : warning LNK4042: 对象被多次指定；已忽略多余的指定
     1>Debug\Vector.obj : warning LNK4042: 对象被多次指定；已忽略多余的指定
            正在创建库 D:\c++\c++vs2010\sln\Debug\bluemeiLib.lib 和对象 D:\c++\c++vs2010\sln\Debug\bluemeiLib.exp
       Manifest:
         正在删除文件“Debug\bluemeiLib.dll.embed.manifest”。
         C:\Program Files\Microsoft SDKs\Windows\v7.0A\bin\mt.exe /nologo /verbose /out:"Debug\bluemeiLib.dll.embed.manifest" /manifest Debug\bluemeiLib.dll.intermediate.manifest
         C:\Program Files\Microsoft SDKs\Windows\v7.0A\bin\rc.exe /nologo /fo"Debug\bluemeiLib.dll.embed.manifest.res" Debug\bluemeiLib_manifest.rc 
       LinkEmbedManifest:
         G:\VS2010\VC\bin\link.exe /ERRORREPORT:PROMPT /OUT:"D:\c++\c++vs2010\sln\Debug\bluemeiLib.dll" /INCREMENTAL /NOLOGO kernel32.lib user32.lib gdi32.lib winspool.lib comdlg32.lib advapi32.lib shell32.lib ole32.lib oleaut32.lib uuid.lib odbc32.lib odbccp32.lib /MANIFEST /ManifestFile:"Debug\bluemeiLib.dll.intermediate.manifest" /MANIFESTUAC:"level='asInvoker' uiAccess='false'" /DEBUG /PDB:"D:\c++\c++vs2010\sln\Debug\bluemeiLib.pdb" /SUBSYSTEM:WINDOWS /TLBID:1 /DYNAMICBASE /NXCOMPAT /IMPLIB:"D:\c++\c++vs2010\sln\Debug\bluemeiLib.lib" /MACHINE:X86 /DLL Debug\bluemeiLib.dll.embed.manifest.res
         Debug\dllmain.obj
         Debug\DataBuffer.obj
         Debug\KVPairTree.obj
         Debug\Vector.obj
         Debug\ConfigOption.obj
         Debug\SimpleCfgFile.obj
         Debug\File.obj
         Debug\FilePath.obj
         Debug\FileUtil.obj
         Debug\IOException.obj
         Debug\Class.obj
         Debug\ClassField.obj
         Debug\Exception.obj
         Debug\Object.obj
         Debug\ObjectFactory.obj
         Debug\RuntimeException.obj
         Debug\ClientSocket.obj
         Debug\FtpConnection.obj
         Debug\FtpException.obj
         Debug\IOCompletionPort.obj
         Debug\IOCompletionPortImplWin32.obj
         Debug\IOCPModel.obj
         Debug\ServerSocket.obj
         Debug\SocketException.obj
         Debug\SocketTools.obj
         Debug\Application.obj
         Debug\BeanContainer.obj
         Debug\Context.obj
         Debug\Session.obj
         Debug\FileTemplate.obj
         Debug\StringTemplate.obj
         Debug\TemplateLoader.obj
         Debug\TemplateParser.obj
         Debug\CriticalLock.obj
         Debug\LambdaThread.obj
         Debug\Looper.obj
         Debug\MessageThread.obj
         Debug\MutexLock.obj
         Debug\ResourceLock.obj
         Debug\Thread.obj
         Debug\ThreadException.obj
         Debug\ThreadPool.obj
         Debug\Timer.obj
         Debug\WorkThread.obj
         Debug\BString.obj
         Debug\ByteBuffer.obj
         Debug\DataBuffer.obj
         Debug\Date.obj
         Debug\KVPairTree.obj
         Debug\StringBuilder.obj
         Debug\Vector.obj
         Debug\CallStackUtil.obj
         Debug\CodeUtil.obj
         Debug\Converter.obj
         Debug\ErrorHandler.obj
         Debug\Log.obj
         Debug\MemoryPool.obj
         Debug\Ptr.obj
         Debug\SmartPtrManager.obj
         Debug\StackWalker.obj
         Debug\System.obj
         Debug\TypeManager.obj
         Debug\Util.obj
     1>Debug\DataBuffer.obj : warning LNK4042: 对象被多次指定；已忽略多余的指定
     1>Debug\KVPairTree.obj : warning LNK4042: 对象被多次指定；已忽略多余的指定
     1>Debug\Vector.obj : warning LNK4042: 对象被多次指定；已忽略多余的指定
            正在创建库 D:\c++\c++vs2010\sln\Debug\bluemeiLib.lib 和对象 D:\c++\c++vs2010\sln\Debug\bluemeiLib.exp
         bluemeiLib.vcxproj -> D:\c++\c++vs2010\sln\Debug\bluemeiLib.dll
       FinalizeBuildStatus:
         正在删除文件“Debug\bluemeiLib.unsuccessfulbuild”。
         正在对“Debug\bluemeiLib.lastbuildstate”执行 Touch 任务。
     1>已完成生成项目“D:\c++\C++vs2010\bluemeiLib\bluemeiLib.vcxproj”(rebuild 个目标)的操作。

生成成功。

已用时间 00:03:06.58
